00:00:50 : (Unknown) [BC] Pvt Haggard: NEED A TELEPORT
﻿00:04:17 : (Unknown) [BC] Pvt Haggard: telepot me
﻿00:04:37 : (Unknown) [BC] Pvt Haggard: teleport
﻿00:04:59 : (Unknown) [BC] Pvt Haggard: ass
﻿00:05:31 : (Unknown) [BC] Pvt Haggard: ducker
﻿00:05:35 : (Unknown) [BC] Pvt Haggard: fucker
﻿00:10:06 : (Unknown) [BC] Pvt Haggard: wher did every one go 
﻿00:10:35 : (Unknown) [BC] Pvt Haggard: lol
﻿00:10:37 : (Unknown) [BC] Pvt Haggard: nice
﻿00:10:54 : (Unknown) [BC] Pvt Haggard: teleport me
﻿00:12:58 : (Unknown) [BC] Pvt Haggard: lol
﻿00:13:25 : (Unknown) [BC] Pvt Haggard: teleport me
﻿00:13:50 : (Unknown) [BC] Pvt Haggard: teleport?
﻿00:15:48 : (Unknown) [BC] Pvt Haggard: kamakazi
﻿00:16:43 : (Unknown) [BC] Pvt Haggard: lol
﻿00:16:50 : (Unknown) [BC] Pvt Haggard: teleport me
﻿00:17:04 : (Unknown) [BC] Pvt Haggard: lol 
﻿00:17:21 : (Unknown) [BC] Pvt Haggard: arama death
﻿00:17:26 : (Unknown) [BC] Pvt Haggard: arma
﻿00:18:32 : (Unknown) [BC] Pvt Haggard: teleport?
﻿00:26:44 : Player #0 Sinister Char disconnected
﻿00:28:01 : Player #0 Sinister Char (75.132.200.238:2304) connected
﻿00:28:01 : (Unknown) [BC] Pvt Haggard: LOL
﻿00:28:02 : Player #0 Sinister Char - GUID: 2ae4e1346acc0cf021e7b0450857f04b (unverified)
﻿00:28:03 : Verified GUID (2ae4e1346acc0cf021e7b0450857f04b) of player #0 Sinister Char
﻿00:29:24 : (Unknown) [BC] Pvt Haggard: LOL 
﻿00:29:36 : (Unknown) [BC] Pvt Haggard: ITS LAGGY AF
﻿00:30:14 : (Unknown) [BC] Pvt Haggard: TELEPORT MEA
﻿00:30:47 : (Unknown) [BC] Pvt Haggard: HOLY SHIT TAKE THE CHOPPERS OUT
﻿00:37:09 : (Unknown) [BC] Pvt Haggard: yo?
﻿00:37:37 : (Unknown) [BC] Pvt Haggard: teleport me
﻿00:37:39 : Player #0 Sinister Char disconnected
﻿00:46:12 : (Unknown) [BC] Pvt Haggard: teleport me
﻿00:46:15 : (Unknown) [BC] Pvt Haggard: k
﻿00:46:43 : Lost Connection!
﻿00:46:43 : Closing socket & exiting!
﻿00:47:03 : Rcon client logging in
﻿00:47:03 : RCon admin #1 (72.5.102.156:63468) logged in
﻿00:48:59 : Player #0 [BC] Pvt Haggard (73.41.65.216:2304) connected
﻿00:49:01 : Player #0 [BC] Pvt Haggard - GUID: 5f22958b239c5862e1afcfeec93577d2 (unverified)
﻿00:49:01 : Verified GUID (5f22958b239c5862e1afcfeec93577d2) of player #0 [BC] Pvt Haggard
﻿00:49:55 : Player #1 Sinister Char (75.132.200.238:2304) connected
﻿00:49:56 : Player #1 Sinister Char - GUID: 2ae4e1346acc0cf021e7b0450857f04b (unverified)
﻿00:49:57 : Verified GUID (2ae4e1346acc0cf021e7b0450857f04b) of player #1 Sinister Char
﻿00:51:50 : (Unknown) [BC] Pvt Haggard: teleport me
﻿00:53:51 : Player #2 Addison (50.183.33.61:2304) connected
﻿00:53:53 : Player #2 Addison - GUID: 3be0777b15765e2269a4c801c0d1276e (unverified)
﻿00:53:53 : RCon admin #1: (Global) BEC : Guardian Addison Connected
﻿00:53:53 : Verified GUID (3be0777b15765e2269a4c801c0d1276e) of player #2 Addison
﻿00:55:22 : RCon admin #0: (Global) Elemtael: are u logged in haggard?
﻿00:55:24 : (Unknown) [BC] Pvt Haggard: teleportnme
﻿00:55:25 : RCon admin #0: (Global) Elemtael: i dont see you
﻿00:56:44 : (Unknown) Addison: did u talk?
﻿00:56:58 : (Unknown) [BC] Pvt Haggard: i am now 
﻿00:57:38 : Player #3 Krack (159.118.93.51:2304) connected
﻿00:57:39 : Player #3 Krack - GUID: 4f33db4803f39f756b549aa7c5786fc6 (unverified)
﻿00:57:40 : Verified GUID (4f33db4803f39f756b549aa7c5786fc6) of player #3 Krack
﻿01:12:19 : Player #3 Krack disconnected
﻿01:30:57 : (Unknown) [BC] Pvt Haggard: teleport me
﻿01:31:46 : No Valid response. Trying to reconnect.!
﻿01:31:46 : Rcon client logging in
﻿01:31:46 : RCon admin #1 (72.5.102.156:63468) logged in
﻿01:32:27 : (Unknown) [BC] Pvt Haggard: .
﻿01:33:24 : (Unknown) [BC] Pvt Haggard: were uj go
﻿01:34:35 : (Unknown) [BC] Pvt Haggard: TELEPORT/
﻿01:41:51 : Player #2 Addison disconnected
﻿01:43:45 : Player #0 [BC] Pvt Haggard disconnected
﻿01:46:36 : RCon admin #0: (Global) Elemtael: fuckin
﻿01:46:37 : RCon admin #0: (Global) Elemtael: shit
﻿01:46:38 : RCon admin #0: (Global) Elemtael: up
﻿01:46:55 : RCon admin #0: (To Sinister Char) Elemtael: testies 1 2 3
﻿01:48:43 : RCon admin #2 (50.183.33.61:49309) logged in
﻿01:53:25 : RCon admin #0 (72.5.102.156:53978) logged in
﻿01:59:10 : Player #0 Krack (159.118.93.51:2304) connected
﻿01:59:11 : Player #0 Krack - GUID: 4f33db4803f39f756b549aa7c5786fc6 (unverified)
﻿01:59:12 : Verified GUID (4f33db4803f39f756b549aa7c5786fc6) of player #0 Krack
﻿02:02:59 : Player #0 Krack disconnected
﻿02:03:53 : Player #1 Sinister Char disconnected
﻿03:17:03 : RCon admin #1: (Global) Server will restart in 30 minutes.
﻿03:31:24 : No Valid response. Trying to reconnect.!
﻿03:31:24 : Rcon client logging in
﻿03:31:24 : RCon admin #1 (72.5.102.156:63468) logged in
﻿03:32:03 : RCon admin #1: (Global) Server will restart in 15 minutes.
﻿03:42:03 : RCon admin #1: (Global) Server will restart in 5 minutes.
﻿03:46:03 : RCon admin #1: (Global) Server will restart in 1 minute.
﻿03:47:05 : Lost Connection!
﻿03:47:05 : Closing socket & exiting!
